{"C:\\Users\\Usuario\\Desktop\\Proyectos\\pruebaAmaris\\src\\components\\EmployeeTable\\columns.jsx": {"path":"C:\\Users\\Usuario\\Desktop\\Proyectos\\pruebaAmaris\\src\\components\\EmployeeTable\\columns.jsx","statementMap":{"0":{"start":{"line":5,"column":21},"end":{"line":5,"column":41}},"1":{"start":{"line":7,"column":31},"end":{"line":33,"column":1}},"2":{"start":{"line":7,"column":37},"end":{"line":33,"column":1}},"3":{"start":{"line":10,"column":23},"end":{"line":15,"column":6}},"4":{"start":{"line":19,"column":18},"end":{"line":19,"column":33}},"5":{"start":{"line":23,"column":18},"end":{"line":23,"column":33}},"6":{"start":{"line":27,"column":18},"end":{"line":27,"column":33}},"7":{"start":{"line":31,"column":18},"end":{"line":31,"column":33}}},"fnMap":{"0":{"name":"(anonymous_0)","decl":{"start":{"line":7,"column":31},"end":{"line":7,"column":32}},"loc":{"start":{"line":7,"column":37},"end":{"line":33,"column":1}},"line":7},"1":{"name":"(anonymous_1)","decl":{"start":{"line":10,"column":10},"end":{"line":10,"column":11}},"loc":{"start":{"line":10,"column":23},"end":{"line":15,"column":6}},"line":10},"2":{"name":"(anonymous_2)","decl":{"start":{"line":19,"column":10},"end":{"line":19,"column":11}},"loc":{"start":{"line":19,"column":18},"end":{"line":19,"column":33}},"line":19},"3":{"name":"(anonymous_3)","decl":{"start":{"line":23,"column":10},"end":{"line":23,"column":11}},"loc":{"start":{"line":23,"column":18},"end":{"line":23,"column":33}},"line":23},"4":{"name":"(anonymous_4)","decl":{"start":{"line":27,"column":10},"end":{"line":27,"column":11}},"loc":{"start":{"line":27,"column":18},"end":{"line":27,"column":33}},"line":27},"5":{"name":"(anonymous_5)","decl":{"start":{"line":31,"column":10},"end":{"line":31,"column":11}},"loc":{"start":{"line":31,"column":18},"end":{"line":31,"column":33}},"line":31}},"branchMap":{},"s":{"0":1,"1":1,"2":1,"3":1,"4":1,"5":1,"6":1,"7":1},"f":{"0":1,"1":1,"2":1,"3":1,"4":1,"5":1},"b":{},"_coverageSchema":"1a1c01bbd47fc00a2c39e90264f33305004495a9","hash":"b1d3c473e1f6a155d2c1fb788feb0e8bea8b4ccf"}
}
